<?xml version="1.0" encoding="UTF-8"?>
<testsuite xmlns:xsi="http://www.w3.org/2001/XMLSchema-instance" xsi:noNamespaceSchemaLocation="https://maven.apache.org/surefire/maven-surefire-plugin/xsd/surefire-test-report-3.0.xsd" version="3.0" name="com.ajaz.userservice.UserServiceApplicationTests" time="5.741" tests="1" errors="0" skipped="0" failures="0">
  <properties>
[...]
</properties>
  <testcase name="contextLoads" classname="com.ajaz.userservice.UserServiceApplicationTests" time="0.282">
    <system-out><![CDATA[15:42:10.365 [main] INFO org.springframework.test.context.support.AnnotationConfigContextLoaderUtils -- Could not detect default configuration classes for test class [com.ajaz.userservice.UserServiceApplicationTests]: UserServiceApplicationTests does not declare any static, non-private, non-final, nested classes annotated with @Configuration.
15:42:10.409 [main] INFO org.springframework.boot.test.context.SpringBootTestContextBootstrapper -- Found @SpringBootConfiguration com.ajaz.userservice.UserServiceApplication for test class com.ajaz.userservice.UserServiceApplicationTests
15:42:10.470 [main] INFO org.springframework.boot.devtools.restart.RestartApplicationListener -- Restart disabled due to context in which it is running

  .   ____          _            __ _ _
 /\\ / ___'_ __ _ _(_)_ __  __ _ \ \ \ \
( ( )\___ | '_ | '_| | '_ \/ _` | \ \ \ \
 \\/  ___)| |_)| | | | | || (_| |  ) ) ) )
  '  |____| .__|_| |_|_| |_\__, | / / / /
 =========|_|==============|___/=/_/_/_/

 :: Spring Boot ::                (v3.3.3)

2024-09-06T15:42:11.650+05:30  INFO 6301 --- [UserService] [           main] c.a.u.UserServiceApplicationTests        : Starting UserServiceApplicationTests using Java 17.0.9 with PID 6301 (started by ahmed786ajaz in /Users/ahmed786ajaz/Desktop/Microservice Project/UserService)
2024-09-06T15:42:11.651+05:30  INFO 6301 --- [UserService] [           main] c.a.u.UserServiceApplicationTests        : No active profile set, falling back to 1 default profile: "default"
2024-09-06T15:42:11.955+05:30  INFO 6301 --- [UserService] [           main] .s.d.r.c.RepositoryConfigurationDelegate : Bootstrapping Spring Data JPA repositories in DEFAULT mode.
2024-09-06T15:42:12.031+05:30  INFO 6301 --- [UserService] [           main] .s.d.r.c.RepositoryConfigurationDelegate : Finished Spring Data repository scanning in 71 ms. Found 1 JPA repository interface.
2024-09-06T15:42:12.135+05:30  INFO 6301 --- [UserService] [           main] o.s.cloud.context.scope.GenericScope     : BeanFactory id=dcfa8667-6547-3aeb-8cbc-64e7738bc9e0
2024-09-06T15:42:12.198+05:30  WARN 6301 --- [UserService] [           main] trationDelegate$BeanPostProcessorChecker : Bean 'org.springframework.cloud.client.loadbalancer.LoadBalancerAutoConfiguration$DeferringLoadBalancerInterceptorConfig' of type [org.springframework.cloud.client.loadbalancer.LoadBalancerAutoConfiguration$DeferringLoadBalancerInterceptorConfig] is not eligible for getting processed by all BeanPostProcessors (for example: not eligible for auto-proxying). The currently created BeanPostProcessor [lbRestClientPostProcessor] is declared through a non-static factory method on that class; consider declaring it as static instead.
2024-09-06T15:42:12.199+05:30  WARN 6301 --- [UserService] [           main] trationDelegate$BeanPostProcessorChecker : Bean 'deferringLoadBalancerInterceptor' of type [org.springframework.cloud.client.loadbalancer.DeferringLoadBalancerInterceptor] is not eligible for getting processed by all BeanPostProcessors (for example: not eligible for auto-proxying). Is this bean getting eagerly injected into a currently created BeanPostProcessor [lbRestClientPostProcessor]? Check the corresponding BeanPostProcessor declaration and its dependencies.
2024-09-06T15:42:12.267+05:30  INFO 6301 --- [UserService] [           main] o.hibernate.jpa.internal.util.LogHelper  : HHH000204: Processing PersistenceUnitInfo [name: default]
2024-09-06T15:42:12.295+05:30  INFO 6301 --- [UserService] [           main] org.hibernate.Version                    : HHH000412: Hibernate ORM core version 6.5.2.Final
2024-09-06T15:42:12.318+05:30  INFO 6301 --- [UserService] [           main] o.h.c.internal.RegionFactoryInitiator    : HHH000026: Second-level cache disabled
2024-09-06T15:42:12.457+05:30  INFO 6301 --- [UserService] [           main] o.s.o.j.p.SpringPersistenceUnitInfo      : No LoadTimeWeaver setup: ignoring JPA class transformer
2024-09-06T15:42:12.472+05:30  INFO 6301 --- [UserService] [           main] com.zaxxer.hikari.HikariDataSource       : HikariPool-1 - Starting...
2024-09-06T15:42:12.629+05:30  INFO 6301 --- [UserService] [           main] com.zaxxer.hikari.pool.HikariPool        : HikariPool-1 - Added connection com.mysql.cj.jdbc.ConnectionImpl@290807e5
2024-09-06T15:42:12.630+05:30  INFO 6301 --- [UserService] [           main] com.zaxxer.hikari.HikariDataSource       : HikariPool-1 - Start completed.
2024-09-06T15:42:13.028+05:30  INFO 6301 --- [UserService] [           main] o.h.e.t.j.p.i.JtaPlatformInitiator       : HHH000489: No JTA platform available (set 'hibernate.transaction.jta.platform' to enable JTA platform integration)
2024-09-06T15:42:13.052+05:30  INFO 6301 --- [UserService] [           main] j.LocalContainerEntityManagerFactoryBean : Initialized JPA EntityManagerFactory for persistence unit 'default'
2024-09-06T15:42:13.241+05:30  WARN 6301 --- [UserService] [           main] JpaBaseConfiguration$JpaWebConfiguration : spring.jpa.open-in-view is enabled by default. Therefore, database queries may be performed during view rendering. Explicitly configure spring.jpa.open-in-view to disable this warning
2024-09-06T15:42:14.456+05:30  INFO 6301 --- [UserService] [           main] o.s.cloud.commons.util.InetUtils         : Cannot determine local hostname
2024-09-06T15:42:15.496+05:30  INFO 6301 --- [UserService] [           main] o.s.cloud.commons.util.InetUtils         : Cannot determine local hostname
2024-09-06T15:42:15.524+05:30  INFO 6301 --- [UserService] [           main] DiscoveryClientOptionalArgsConfiguration : Eureka HTTP Client uses RestTemplate.
2024-09-06T15:42:15.549+05:30  WARN 6301 --- [UserService] [           main] iguration$LoadBalancerCaffeineWarnLogger : Spring Cloud LoadBalancer is currently working with the default cache. While this cache implementation is useful for development and tests, it's recommended to use Caffeine cache in production.You can switch to using Caffeine cache, by adding it and org.springframework.cache.caffeine.CaffeineCacheManager to the classpath.
2024-09-06T15:42:15.567+05:30  INFO 6301 --- [UserService] [           main] o.s.c.n.eureka.InstanceInfoFactory       : Setting initial instance status as: STARTING
2024-09-06T15:42:15.585+05:30  INFO 6301 --- [UserService] [           main] com.netflix.discovery.DiscoveryClient    : Initializing Eureka in region us-east-1
2024-09-06T15:42:15.587+05:30  INFO 6301 --- [UserService] [           main] c.n.d.s.r.aws.ConfigClusterResolver      : Resolving eureka endpoints via configuration
2024-09-06T15:42:15.591+05:30  INFO 6301 --- [UserService] [           main] com.netflix.discovery.DiscoveryClient    : Disable delta property : false
2024-09-06T15:42:15.591+05:30  INFO 6301 --- [UserService] [           main] com.netflix.discovery.DiscoveryClient    : Single vip registry refresh property : null
2024-09-06T15:42:15.591+05:30  INFO 6301 --- [UserService] [           main] com.netflix.discovery.DiscoveryClient    : Force full registry fetch : false
2024-09-06T15:42:15.591+05:30  INFO 6301 --- [UserService] [           main] com.netflix.discovery.DiscoveryClient    : Application is null : false
2024-09-06T15:42:15.591+05:30  INFO 6301 --- [UserService] [           main] com.netflix.discovery.DiscoveryClient    : Registered Applications size is zero : true
2024-09-06T15:42:15.591+05:30  INFO 6301 --- [UserService] [           main] com.netflix.discovery.DiscoveryClient    : Application version is -1: true
2024-09-06T15:42:15.592+05:30  INFO 6301 --- [UserService] [           main] com.netflix.discovery.DiscoveryClient    : Getting all instance registry info from the eureka server
2024-09-06T15:42:15.730+05:30  INFO 6301 --- [UserService] [           main] com.netflix.discovery.DiscoveryClient    : The response status is 200
2024-09-06T15:42:15.731+05:30  INFO 6301 --- [UserService] [           main] com.netflix.discovery.DiscoveryClient    : Starting heartbeat executor: renew interval is: 30
2024-09-06T15:42:15.732+05:30  INFO 6301 --- [UserService] [           main] c.n.discovery.InstanceInfoReplicator     : InstanceInfoReplicator onDemand update allowed rate per min is 4
2024-09-06T15:42:15.732+05:30  INFO 6301 --- [UserService] [           main] com.netflix.discovery.DiscoveryClient    : Discovery Client initialized at timestamp 1725617535732 with initial instances count: 0
2024-09-06T15:42:15.735+05:30  INFO 6301 --- [UserService] [           main] o.s.c.n.e.s.EurekaServiceRegistry        : Registering application USERSERVICE with eureka with status UP
2024-09-06T15:42:15.735+05:30  INFO 6301 --- [UserService] [           main] com.netflix.discovery.DiscoveryClient    : Saw local status change event StatusChangeEvent [timestamp=1725617535735, current=UP, previous=STARTING]
2024-09-06T15:42:15.735+05:30  INFO 6301 --- [UserService] [foReplicator-%d] com.netflix.discovery.DiscoveryClient    : DiscoveryClient_USERSERVICE/localhost:UserService:8081: registering service...
2024-09-06T15:42:15.743+05:30  INFO 6301 --- [UserService] [           main] c.a.u.UserServiceApplicationTests        : Started UserServiceApplicationTests in 5.277 seconds (process running for 5.682)
2024-09-06T15:42:15.757+05:30  INFO 6301 --- [UserService] [foReplicator-%d] com.netflix.discovery.DiscoveryClient    : DiscoveryClient_USERSERVICE/localhost:UserService:8081 - registration status: 204
]]></system-out>
  </testcase>
</testsuite>