<?xml version="1.0" encoding="UTF-8"?>
<testsuite xmlns:xsi="http://www.w3.org/2001/XMLSchema-instance" xsi:noNamespaceSchemaLocation="https://maven.apache.org/surefire/maven-surefire-plugin/xsd/surefire-test-report-3.0.xsd" version="3.0" name="com.ajaz.microservices.ratingservice.RatingServiceApplicationTests" time="4.649" tests="1" errors="0" skipped="0" failures="0">
  <properties>
[...]
</properties>
  <testcase name="contextLoads" classname="com.ajaz.microservices.ratingservice.RatingServiceApplicationTests" time="0.009">
    <system-out><![CDATA[18:03:55.375 [main] INFO org.springframework.test.context.support.AnnotationConfigContextLoaderUtils -- Could not detect default configuration classes for test class [com.ajaz.microservices.ratingservice.RatingServiceApplicationTests]: RatingServiceApplicationTests does not declare any static, non-private, non-final, nested classes annotated with @Configuration.
18:03:55.417 [main] INFO org.springframework.boot.test.context.SpringBootTestContextBootstrapper -- Found @SpringBootConfiguration com.ajaz.microservices.ratingservice.RatingServiceApplication for test class com.ajaz.microservices.ratingservice.RatingServiceApplicationTests
18:03:55.477 [main] INFO org.springframework.boot.devtools.restart.RestartApplicationListener -- Restart disabled due to context in which it is running

  .   ____          _            __ _ _
 /\\ / ___'_ __ _ _(_)_ __  __ _ \ \ \ \
( ( )\___ | '_ | '_| | '_ \/ _` | \ \ \ \
 \\/  ___)| |_)| | | | | || (_| |  ) ) ) )
  '  |____| .__|_| |_|_| |_\__, | / / / /
 =========|_|==============|___/=/_/_/_/

 :: Spring Boot ::                (v3.3.3)

2024-09-06T18:03:56.664+05:30  INFO 7365 --- [RatingService] [           main] c.a.m.r.RatingServiceApplicationTests    : Starting RatingServiceApplicationTests using Java 17.0.9 with PID 7365 (started by ahmed786ajaz in /Users/ahmed786ajaz/Desktop/Microservice Project/RatingService)
2024-09-06T18:03:56.665+05:30  INFO 7365 --- [RatingService] [           main] c.a.m.r.RatingServiceApplicationTests    : No active profile set, falling back to 1 default profile: "default"
2024-09-06T18:03:56.950+05:30  INFO 7365 --- [RatingService] [           main] .s.d.r.c.RepositoryConfigurationDelegate : Bootstrapping Spring Data MongoDB repositories in DEFAULT mode.
2024-09-06T18:03:57.019+05:30  INFO 7365 --- [RatingService] [           main] .s.d.r.c.RepositoryConfigurationDelegate : Finished Spring Data repository scanning in 66 ms. Found 1 MongoDB repository interface.
2024-09-06T18:03:57.113+05:30  INFO 7365 --- [RatingService] [           main] o.s.cloud.context.scope.GenericScope     : BeanFactory id=78b9268a-00fc-31dd-8064-ba26e763bedb
2024-09-06T18:03:57.163+05:30  WARN 7365 --- [RatingService] [           main] trationDelegate$BeanPostProcessorChecker : Bean 'org.springframework.cloud.client.loadbalancer.LoadBalancerAutoConfiguration$DeferringLoadBalancerInterceptorConfig' of type [org.springframework.cloud.client.loadbalancer.LoadBalancerAutoConfiguration$DeferringLoadBalancerInterceptorConfig] is not eligible for getting processed by all BeanPostProcessors (for example: not eligible for auto-proxying). The currently created BeanPostProcessor [lbRestClientPostProcessor] is declared through a non-static factory method on that class; consider declaring it as static instead.
2024-09-06T18:03:57.164+05:30  WARN 7365 --- [RatingService] [           main] trationDelegate$BeanPostProcessorChecker : Bean 'deferringLoadBalancerInterceptor' of type [org.springframework.cloud.client.loadbalancer.DeferringLoadBalancerInterceptor] is not eligible for getting processed by all BeanPostProcessors (for example: not eligible for auto-proxying). Is this bean getting eagerly injected into a currently created BeanPostProcessor [lbRestClientPostProcessor]? Check the corresponding BeanPostProcessor declaration and its dependencies.
2024-09-06T18:03:57.240+05:30  INFO 7365 --- [RatingService] [           main] org.mongodb.driver.client                : MongoClient with metadata {"driver": {"name": "mongo-java-driver|sync|spring-boot", "version": "5.0.1"}, "os": {"type": "Darwin", "name": "Mac OS X", "architecture": "aarch64", "version": "13.5"}, "platform": "Java/Oracle Corporation/17.0.9+11-LTS-201"} created with settings MongoClientSettings{readPreference=primary, writeConcern=WriteConcern{w=null, wTimeout=null ms, journal=null}, retryWrites=true, retryReads=true, readConcern=ReadConcern{level=null}, credential=null, transportSettings=null, commandListeners=[], codecRegistry=ProvidersCodecRegistry{codecProviders=[ValueCodecProvider{}, BsonValueCodecProvider{}, DBRefCodecProvider{}, DBObjectCodecProvider{}, DocumentCodecProvider{}, CollectionCodecProvider{}, IterableCodecProvider{}, MapCodecProvider{}, GeoJsonCodecProvider{}, GridFSFileCodecProvider{}, Jsr310CodecProvider{}, JsonObjectCodecProvider{}, BsonCodecProvider{}, EnumCodecProvider{}, com.mongodb.client.model.mql.ExpressionCodecProvider@6abb7b7d, com.mongodb.Jep395RecordCodecProvider@34cf0e80, com.mongodb.KotlinCodecProvider@38ef1a0a]}, loggerSettings=LoggerSettings{maxDocumentLength=1000}, clusterSettings={hosts=[localhost:27017], srvServiceName=mongodb, mode=SINGLE, requiredClusterType=UNKNOWN, requiredReplicaSetName='null', serverSelector='null', clusterListeners='[]', serverSelectionTimeout='30000 ms', localThreshold='15 ms'}, socketSettings=SocketSettings{connectTimeoutMS=10000, readTimeoutMS=0, receiveBufferSize=0, proxySettings=ProxySettings{host=null, port=null, username=null, password=null}}, heartbeatSocketSettings=SocketSettings{connectTimeoutMS=10000, readTimeoutMS=10000, receiveBufferSize=0, proxySettings=ProxySettings{host=null, port=null, username=null, password=null}}, connectionPoolSettings=ConnectionPoolSettings{maxSize=100, minSize=0, maxWaitTimeMS=120000, maxConnectionLifeTimeMS=0, maxConnectionIdleTimeMS=0, maintenanceInitialDelayMS=0, maintenanceFrequencyMS=60000, connectionPoolListeners=[], maxConnecting=2}, serverSettings=ServerSettings{heartbeatFrequencyMS=10000, minHeartbeatFrequencyMS=500, serverListeners='[]', serverMonitorListeners='[]'}, sslSettings=SslSettings{enabled=false, invalidHostNameAllowed=false, context=null}, applicationName='null', compressorList=[], uuidRepresentation=JAVA_LEGACY, serverApi=null, autoEncryptionSettings=null, dnsClient=null, inetAddressResolver=null, contextProvider=null}
2024-09-06T18:03:57.258+05:30  INFO 7365 --- [RatingService] [localhost:27017] org.mongodb.driver.cluster               : Monitor thread successfully connected to server with description ServerDescription{address=localhost:27017, type=STANDALONE, state=CONNECTED, ok=true, minWireVersion=0, maxWireVersion=21, maxDocumentSize=16777216, logicalSessionTimeoutMinutes=30, roundTripTimeNanos=9078375}
2024-09-06T18:03:58.313+05:30  INFO 7365 --- [RatingService] [           main] o.s.cloud.commons.util.InetUtils         : Cannot determine local hostname
2024-09-06T18:03:59.650+05:30  INFO 7365 --- [RatingService] [           main] o.s.cloud.commons.util.InetUtils         : Cannot determine local hostname
2024-09-06T18:03:59.681+05:30  INFO 7365 --- [RatingService] [           main] DiscoveryClientOptionalArgsConfiguration : Eureka HTTP Client uses RestTemplate.
2024-09-06T18:03:59.707+05:30  WARN 7365 --- [RatingService] [           main] iguration$LoadBalancerCaffeineWarnLogger : Spring Cloud LoadBalancer is currently working with the default cache. While this cache implementation is useful for development and tests, it's recommended to use Caffeine cache in production.You can switch to using Caffeine cache, by adding it and org.springframework.cache.caffeine.CaffeineCacheManager to the classpath.
2024-09-06T18:03:59.719+05:30  INFO 7365 --- [RatingService] [           main] o.s.c.n.eureka.InstanceInfoFactory       : Setting initial instance status as: STARTING
2024-09-06T18:03:59.739+05:30  INFO 7365 --- [RatingService] [           main] com.netflix.discovery.DiscoveryClient    : Initializing Eureka in region us-east-1
2024-09-06T18:03:59.741+05:30  INFO 7365 --- [RatingService] [           main] c.n.d.s.r.aws.ConfigClusterResolver      : Resolving eureka endpoints via configuration
2024-09-06T18:03:59.745+05:30  INFO 7365 --- [RatingService] [           main] com.netflix.discovery.DiscoveryClient    : Disable delta property : false
2024-09-06T18:03:59.745+05:30  INFO 7365 --- [RatingService] [           main] com.netflix.discovery.DiscoveryClient    : Single vip registry refresh property : null
2024-09-06T18:03:59.745+05:30  INFO 7365 --- [RatingService] [           main] com.netflix.discovery.DiscoveryClient    : Force full registry fetch : false
2024-09-06T18:03:59.745+05:30  INFO 7365 --- [RatingService] [           main] com.netflix.discovery.DiscoveryClient    : Application is null : false
2024-09-06T18:03:59.745+05:30  INFO 7365 --- [RatingService] [           main] com.netflix.discovery.DiscoveryClient    : Registered Applications size is zero : true
2024-09-06T18:03:59.745+05:30  INFO 7365 --- [RatingService] [           main] com.netflix.discovery.DiscoveryClient    : Application version is -1: true
2024-09-06T18:03:59.745+05:30  INFO 7365 --- [RatingService] [           main] com.netflix.discovery.DiscoveryClient    : Getting all instance registry info from the eureka server
2024-09-06T18:03:59.926+05:30  INFO 7365 --- [RatingService] [           main] com.netflix.discovery.DiscoveryClient    : The response status is 200
2024-09-06T18:03:59.927+05:30  INFO 7365 --- [RatingService] [           main] com.netflix.discovery.DiscoveryClient    : Starting heartbeat executor: renew interval is: 30
2024-09-06T18:03:59.928+05:30  INFO 7365 --- [RatingService] [           main] c.n.discovery.InstanceInfoReplicator     : InstanceInfoReplicator onDemand update allowed rate per min is 4
2024-09-06T18:03:59.929+05:30  INFO 7365 --- [RatingService] [           main] com.netflix.discovery.DiscoveryClient    : Discovery Client initialized at timestamp 1725626039928 with initial instances count: 0
2024-09-06T18:03:59.930+05:30  INFO 7365 --- [RatingService] [           main] o.s.c.n.e.s.EurekaServiceRegistry        : Registering application RATINGSERVICE with eureka with status UP
2024-09-06T18:03:59.931+05:30  INFO 7365 --- [RatingService] [           main] com.netflix.discovery.DiscoveryClient    : Saw local status change event StatusChangeEvent [timestamp=1725626039931, current=UP, previous=STARTING]
2024-09-06T18:03:59.933+05:30  INFO 7365 --- [RatingService] [foReplicator-%d] com.netflix.discovery.DiscoveryClient    : DiscoveryClient_RATINGSERVICE/localhost:RatingService:8083: registering service...
2024-09-06T18:03:59.941+05:30  INFO 7365 --- [RatingService] [           main] c.a.m.r.RatingServiceApplicationTests    : Started RatingServiceApplicationTests in 4.468 seconds (process running for 5.349)
2024-09-06T18:03:59.958+05:30  INFO 7365 --- [RatingService] [foReplicator-%d] com.netflix.discovery.DiscoveryClient    : DiscoveryClient_RATINGSERVICE/localhost:RatingService:8083 - registration status: 204
]]></system-out>
  </testcase>
</testsuite>